[2026-01-25T08:56:31.024+0000] {taskinstance.py:1956} INFO - Dependencies all met for dep_context=non-requeueable deps ti=<TaskInstance: weather_pipeline_no_xcom.etl_task scheduled__2026-01-25T07:00:00+00:00 [queued]>
[2026-01-25T08:56:31.039+0000] {taskinstance.py:1956} INFO - Dependencies all met for dep_context=requeueable deps ti=<TaskInstance: weather_pipeline_no_xcom.etl_task scheduled__2026-01-25T07:00:00+00:00 [queued]>
[2026-01-25T08:56:31.040+0000] {taskinstance.py:2170} INFO - Starting attempt 2 of 3
[2026-01-25T08:56:31.082+0000] {taskinstance.py:2191} INFO - Executing <Task(PythonOperator): etl_task> on 2026-01-25 07:00:00+00:00
[2026-01-25T08:56:31.094+0000] {standard_task_runner.py:60} INFO - Started process 280 to run task
[2026-01-25T08:56:31.104+0000] {standard_task_runner.py:87} INFO - Running: ['***', 'tasks', 'run', 'weather_pipeline_no_xcom', 'etl_task', 'scheduled__2026-01-25T07:00:00+00:00', '--job-id', '13', '--raw', '--subdir', 'DAGS_FOLDER/weather_pipeline_dags.py', '--cfg-path', '/tmp/tmpfzqct7vt']
[2026-01-25T08:56:31.112+0000] {standard_task_runner.py:88} INFO - Job 13: Subtask etl_task
[2026-01-25T08:56:31.399+0000] {task_command.py:423} INFO - Running <TaskInstance: weather_pipeline_no_xcom.etl_task scheduled__2026-01-25T07:00:00+00:00 [running]> on host 05807aeb5440
[2026-01-25T08:56:31.748+0000] {taskinstance.py:2480} INFO - Exporting env vars: AIRFLOW_CTX_DAG_OWNER='***' AIRFLOW_CTX_DAG_ID='weather_pipeline_no_xcom' AIRFLOW_CTX_TASK_ID='etl_task' AIRFLOW_CTX_EXECUTION_DATE='2026-01-25T07:00:00+00:00' AIRFLOW_CTX_TRY_NUMBER='2' AIRFLOW_CTX_DAG_RUN_ID='scheduled__2026-01-25T07:00:00+00:00'
[2026-01-25T08:56:31.753+0000] {taskinstance.py:2698} ERROR - Task failed with exception
Traceback (most recent call last):
  File "/home/airflow/.local/lib/python3.11/site-packages/airflow/models/taskinstance.py", line 433, in _execute_task
    result = execute_callable(context=context, **execute_callable_kwargs)
             ^^^^^^^^^^^^^^^^^^^^^^^^^^^^^^^^^^^^^^^^^^^^^^^^^^^^^^^^^^^^
  File "/home/airflow/.local/lib/python3.11/site-packages/airflow/operators/python.py", line 199, in execute
    return_value = self.execute_callable()
                   ^^^^^^^^^^^^^^^^^^^^^^^
  File "/home/airflow/.local/lib/python3.11/site-packages/airflow/operators/python.py", line 216, in execute_callable
    return self.python_callable(*self.op_args, **self.op_kwargs)
           ^^^^^^^^^^^^^^^^^^^^^^^^^^^^^^^^^^^^^^^^^^^^^^^^^^^^^
  File "/opt/airflow/dags/weather_pipeline_dags.py", line 18, in etl_task
    raw_data = fetch_weather()
               ^^^^^^^^^^^^^^^
TypeError: fetch_weather() missing 2 required positional arguments: 'city' and 'api_key'
[2026-01-25T08:56:31.815+0000] {taskinstance.py:1138} INFO - Marking task as UP_FOR_RETRY. dag_id=weather_pipeline_no_xcom, task_id=etl_task, execution_date=20260125T070000, start_date=20260125T085631, end_date=20260125T085631
[2026-01-25T08:56:31.853+0000] {standard_task_runner.py:107} ERROR - Failed to execute job 13 for task etl_task (fetch_weather() missing 2 required positional arguments: 'city' and 'api_key'; 280)
[2026-01-25T08:56:31.885+0000] {local_task_job_runner.py:234} INFO - Task exited with return code 1
[2026-01-25T08:56:31.956+0000] {taskinstance.py:3280} INFO - 0 downstream tasks scheduled from follow-on schedule check
