[2026-01-25T10:57:37.603+0000] {taskinstance.py:1956} INFO - Dependencies all met for dep_context=non-requeueable deps ti=<TaskInstance: weather_pipeline_no_xcom.etl_task manual__2026-01-25T10:47:23.277046+00:00 [queued]>
[2026-01-25T10:57:37.622+0000] {taskinstance.py:1956} INFO - Dependencies all met for dep_context=requeueable deps ti=<TaskInstance: weather_pipeline_no_xcom.etl_task manual__2026-01-25T10:47:23.277046+00:00 [queued]>
[2026-01-25T10:57:37.623+0000] {taskinstance.py:2170} INFO - Starting attempt 3 of 3
[2026-01-25T10:57:39.777+0000] {taskinstance.py:2191} INFO - Executing <Task(PythonOperator): etl_task> on 2026-01-25 10:47:23.277046+00:00
[2026-01-25T10:57:39.804+0000] {standard_task_runner.py:60} INFO - Started process 422 to run task
[2026-01-25T10:57:39.817+0000] {standard_task_runner.py:87} INFO - Running: ['***', 'tasks', 'run', 'weather_pipeline_no_xcom', 'etl_task', 'manual__2026-01-25T10:47:23.277046+00:00', '--job-id', '26', '--raw', '--subdir', 'DAGS_FOLDER/weather_pipeline_dags.py', '--cfg-path', '/tmp/tmpvecjjv5y']
[2026-01-25T10:57:39.824+0000] {standard_task_runner.py:88} INFO - Job 26: Subtask etl_task
[2026-01-25T10:57:40.218+0000] {task_command.py:423} INFO - Running <TaskInstance: weather_pipeline_no_xcom.etl_task manual__2026-01-25T10:47:23.277046+00:00 [running]> on host 05807aeb5440
[2026-01-25T10:57:40.573+0000] {taskinstance.py:2480} INFO - Exporting env vars: AIRFLOW_CTX_DAG_OWNER='***' AIRFLOW_CTX_DAG_ID='weather_pipeline_no_xcom' AIRFLOW_CTX_TASK_ID='etl_task' AIRFLOW_CTX_EXECUTION_DATE='2026-01-25T10:47:23.277046+00:00' AIRFLOW_CTX_TRY_NUMBER='3' AIRFLOW_CTX_DAG_RUN_ID='manual__2026-01-25T10:47:23.277046+00:00'
[2026-01-25T10:57:40.577+0000] {taskinstance.py:2698} ERROR - Task failed with exception
Traceback (most recent call last):
  File "/home/airflow/.local/lib/python3.11/site-packages/airflow/models/taskinstance.py", line 433, in _execute_task
    result = execute_callable(context=context, **execute_callable_kwargs)
             ^^^^^^^^^^^^^^^^^^^^^^^^^^^^^^^^^^^^^^^^^^^^^^^^^^^^^^^^^^^^
  File "/home/airflow/.local/lib/python3.11/site-packages/airflow/operators/python.py", line 199, in execute
    return_value = self.execute_callable()
                   ^^^^^^^^^^^^^^^^^^^^^^^
  File "/home/airflow/.local/lib/python3.11/site-packages/airflow/operators/python.py", line 216, in execute_callable
    return self.python_callable(*self.op_args, **self.op_kwargs)
           ^^^^^^^^^^^^^^^^^^^^^^^^^^^^^^^^^^^^^^^^^^^^^^^^^^^^^
  File "/opt/airflow/dags/weather_pipeline_dags.py", line 18, in etl_task
    raw_data = fetch_weather()
               ^^^^^^^^^^^^^^^
TypeError: fetch_weather() missing 2 required positional arguments: 'city' and 'api_key'
[2026-01-25T10:57:40.614+0000] {taskinstance.py:1138} INFO - Marking task as FAILED. dag_id=weather_pipeline_no_xcom, task_id=etl_task, execution_date=20260125T104723, start_date=20260125T105737, end_date=20260125T105740
[2026-01-25T10:57:40.713+0000] {standard_task_runner.py:107} ERROR - Failed to execute job 26 for task etl_task (fetch_weather() missing 2 required positional arguments: 'city' and 'api_key'; 422)
[2026-01-25T10:57:40.754+0000] {local_task_job_runner.py:234} INFO - Task exited with return code 1
[2026-01-25T10:57:40.811+0000] {taskinstance.py:3280} INFO - 0 downstream tasks scheduled from follow-on schedule check
