[2026-01-25T08:51:28.319+0000] {taskinstance.py:1956} INFO - Dependencies all met for dep_context=non-requeueable deps ti=<TaskInstance: weather_pipeline_no_xcom.etl_task manual__2026-01-25T08:51:25.724073+00:00 [queued]>
[2026-01-25T08:51:28.338+0000] {taskinstance.py:1956} INFO - Dependencies all met for dep_context=requeueable deps ti=<TaskInstance: weather_pipeline_no_xcom.etl_task manual__2026-01-25T08:51:25.724073+00:00 [queued]>
[2026-01-25T08:51:28.339+0000] {taskinstance.py:2170} INFO - Starting attempt 1 of 3
[2026-01-25T08:51:28.370+0000] {taskinstance.py:2191} INFO - Executing <Task(PythonOperator): etl_task> on 2026-01-25 08:51:25.724073+00:00
[2026-01-25T08:51:28.381+0000] {standard_task_runner.py:60} INFO - Started process 227 to run task
[2026-01-25T08:51:28.395+0000] {standard_task_runner.py:87} INFO - Running: ['***', 'tasks', 'run', 'weather_pipeline_no_xcom', 'etl_task', 'manual__2026-01-25T08:51:25.724073+00:00', '--job-id', '12', '--raw', '--subdir', 'DAGS_FOLDER/weather_pipeline_dags.py', '--cfg-path', '/tmp/tmphgv57_l8']
[2026-01-25T08:51:28.405+0000] {standard_task_runner.py:88} INFO - Job 12: Subtask etl_task
[2026-01-25T08:51:28.659+0000] {task_command.py:423} INFO - Running <TaskInstance: weather_pipeline_no_xcom.etl_task manual__2026-01-25T08:51:25.724073+00:00 [running]> on host 05807aeb5440
[2026-01-25T08:51:29.028+0000] {taskinstance.py:2480} INFO - Exporting env vars: AIRFLOW_CTX_DAG_OWNER='***' AIRFLOW_CTX_DAG_ID='weather_pipeline_no_xcom' AIRFLOW_CTX_TASK_ID='etl_task' AIRFLOW_CTX_EXECUTION_DATE='2026-01-25T08:51:25.724073+00:00' AIRFLOW_CTX_TRY_NUMBER='1' AIRFLOW_CTX_DAG_RUN_ID='manual__2026-01-25T08:51:25.724073+00:00'
[2026-01-25T08:51:29.035+0000] {taskinstance.py:2698} ERROR - Task failed with exception
Traceback (most recent call last):
  File "/home/airflow/.local/lib/python3.11/site-packages/airflow/models/taskinstance.py", line 433, in _execute_task
    result = execute_callable(context=context, **execute_callable_kwargs)
             ^^^^^^^^^^^^^^^^^^^^^^^^^^^^^^^^^^^^^^^^^^^^^^^^^^^^^^^^^^^^
  File "/home/airflow/.local/lib/python3.11/site-packages/airflow/operators/python.py", line 199, in execute
    return_value = self.execute_callable()
                   ^^^^^^^^^^^^^^^^^^^^^^^
  File "/home/airflow/.local/lib/python3.11/site-packages/airflow/operators/python.py", line 216, in execute_callable
    return self.python_callable(*self.op_args, **self.op_kwargs)
           ^^^^^^^^^^^^^^^^^^^^^^^^^^^^^^^^^^^^^^^^^^^^^^^^^^^^^
  File "/opt/airflow/dags/weather_pipeline_dags.py", line 18, in etl_task
    raw_data = fetch_weather()
               ^^^^^^^^^^^^^^^
TypeError: fetch_weather() missing 2 required positional arguments: 'city' and 'api_key'
[2026-01-25T08:51:29.095+0000] {taskinstance.py:1138} INFO - Marking task as UP_FOR_RETRY. dag_id=weather_pipeline_no_xcom, task_id=etl_task, execution_date=20260125T085125, start_date=20260125T085128, end_date=20260125T085129
[2026-01-25T08:51:29.147+0000] {standard_task_runner.py:107} ERROR - Failed to execute job 12 for task etl_task (fetch_weather() missing 2 required positional arguments: 'city' and 'api_key'; 227)
[2026-01-25T08:51:29.216+0000] {local_task_job_runner.py:234} INFO - Task exited with return code 1
[2026-01-25T08:51:29.288+0000] {taskinstance.py:3280} INFO - 0 downstream tasks scheduled from follow-on schedule check
